[debug] [2020-05-09T04:35:43.184Z] ----------------------------------------------------------------------
[debug] [2020-05-09T04:35:43.186Z] Command:       /home/son/.nvm/versions/node/v12.16.1/bin/node /home/son/.nvm/versions/node/v12.16.1/bin/firebase deploy
[debug] [2020-05-09T04:35:43.186Z] CLI Version:   8.0.1
[debug] [2020-05-09T04:35:43.186Z] Platform:      linux
[debug] [2020-05-09T04:35:43.186Z] Node Version:  v12.16.1
[debug] [2020-05-09T04:35:43.187Z] Time:          Sat May 09 2020 11:35:43 GMT+0700 (Indochina Time)
[debug] [2020-05-09T04:35:43.187Z] ----------------------------------------------------------------------
[debug] [2020-05-09T04:35:43.187Z] 
[debug] [2020-05-09T04:35:43.197Z] > command requires scopes: ["email","openid","https://www.googleapis.com/auth/cloudplatformprojects.readonly","https://www.googleapis.com/auth/firebase","https://www.googleapis.com/auth/cloud-platform"]
[debug] [2020-05-09T04:35:43.198Z] > authorizing via signed-in user
[debug] [2020-05-09T04:35:43.198Z] [iam] checking project ourapp-frontend for permissions ["firebase.projects.get","firebasehosting.sites.update"]
[debug] [2020-05-09T04:35:43.200Z] >>> HTTP REQUEST POST https://cloudresourcemanager.googleapis.com/v1/projects/ourapp-frontend:testIamPermissions  
 {"permissions":["firebase.projects.get","firebasehosting.sites.update"]}
[debug] [2020-05-09T04:35:44.552Z] <<< HTTP RESPONSE 200 {"content-type":"application/json; charset=UTF-8","vary":"X-Origin, Referer, Origin,Accept-Encoding","date":"Sat, 09 May 2020 04:35:44 GMT","server":"ESF","cache-control":"private","x-xss-protection":"0","x-frame-options":"SAMEORIGIN","x-content-type-options":"nosniff","server-timing":"gfet4t7; dur=1151","alt-svc":"h3-27=\":443\"; ma=2592000,h3-25=\":443\"; ma=2592000,h3-Q050=\":443\"; ma=2592000,h3-Q049=\":443\"; ma=2592000,h3-Q048=\":443\"; ma=2592000,h3-Q046=\":443\"; ma=2592000,h3-Q043=\":443\"; ma=2592000,quic=\":443\"; ma=2592000; v=\"46,43\"","accept-ranges":"none","transfer-encoding":"chunked"}
[debug] [2020-05-09T04:35:44.555Z] >>> HTTP REQUEST GET https://firebase.googleapis.com/v1beta1/projects/ourapp-frontend  
 
[debug] [2020-05-09T04:35:44.964Z] <<< HTTP RESPONSE 200 {"content-type":"application/json; charset=UTF-8","vary":"X-Origin, Referer, Origin,Accept-Encoding","date":"Sat, 09 May 2020 04:35:44 GMT","server":"ESF","cache-control":"private","x-xss-protection":"0","x-frame-options":"SAMEORIGIN","x-content-type-options":"nosniff","alt-svc":"h3-27=\":443\"; ma=2592000,h3-25=\":443\"; ma=2592000,h3-Q050=\":443\"; ma=2592000,h3-Q049=\":443\"; ma=2592000,h3-Q048=\":443\"; ma=2592000,h3-Q046=\":443\"; ma=2592000,h3-Q043=\":443\"; ma=2592000,quic=\":443\"; ma=2592000; v=\"46,43\"","accept-ranges":"none","transfer-encoding":"chunked"}
[info] 
[info] === Deploying to 'ourapp-frontend'...
[info] 
[info] i  deploying hosting
[debug] [2020-05-09T04:35:44.975Z] >>> HTTP REQUEST POST https://firebasehosting.googleapis.com/v1beta1/sites/ourapp-frontend/versions  
 {"config":{"rewrites":[{"glob":"**","path":"/index.html"}]},"labels":{"deployment-tool":"cli-firebase"}}
[debug] [2020-05-09T04:35:46.977Z] <<< HTTP RESPONSE 200 {"content-type":"application/json; charset=UTF-8","vary":"X-Origin, Referer, Origin,Accept-Encoding","date":"Sat, 09 May 2020 04:35:46 GMT","server":"ESF","cache-control":"private","x-xss-protection":"0","x-frame-options":"SAMEORIGIN","x-content-type-options":"nosniff","alt-svc":"h3-27=\":443\"; ma=2592000,h3-25=\":443\"; ma=2592000,h3-Q050=\":443\"; ma=2592000,h3-Q049=\":443\"; ma=2592000,h3-Q048=\":443\"; ma=2592000,h3-Q046=\":443\"; ma=2592000,h3-Q043=\":443\"; ma=2592000,quic=\":443\"; ma=2592000; v=\"46,43\"","accept-ranges":"none","transfer-encoding":"chunked"}
[info] i  hosting[ourapp-frontend]: beginning deploy...
[info] i  hosting[ourapp-frontend]: found 22 files in build
[debug] [2020-05-09T04:35:48.136Z] [hosting] hash cache [YnVpbGQ] stored for 22 files
[debug] [2020-05-09T04:35:48.136Z] [hosting][hash queue][FINAL] {"max":1105,"min":36,"avg":120.5909090909091,"active":0,"complete":22,"success":22,"errored":0,"retried":0,"total":22,"elapsed":1121}
[debug] [2020-05-09T04:35:48.136Z] >>> HTTP REQUEST POST https://firebasehosting.googleapis.com/v1beta1/sites/ourapp-frontend/versions/96fbdc9062d287ce:populateFiles  
 <request body omitted>
[debug] [2020-05-09T04:35:50.100Z] <<< HTTP RESPONSE 200 {"content-type":"application/json; charset=UTF-8","vary":"X-Origin, Referer, Origin,Accept-Encoding","date":"Sat, 09 May 2020 04:35:49 GMT","server":"ESF","cache-control":"private","x-xss-protection":"0","x-frame-options":"SAMEORIGIN","x-content-type-options":"nosniff","alt-svc":"h3-27=\":443\"; ma=2592000,h3-25=\":443\"; ma=2592000,h3-Q050=\":443\"; ma=2592000,h3-Q049=\":443\"; ma=2592000,h3-Q048=\":443\"; ma=2592000,h3-Q046=\":443\"; ma=2592000,h3-Q043=\":443\"; ma=2592000,quic=\":443\"; ma=2592000; v=\"46,43\"","accept-ranges":"none","transfer-encoding":"chunked"}
[debug] [2020-05-09T04:35:50.118Z] [hosting][populate queue][FINAL] {"max":1969,"min":1969,"avg":1969,"active":0,"complete":1,"success":1,"errored":0,"retried":0,"total":1,"elapsed":1983}
[debug] [2020-05-09T04:35:50.119Z] [hosting] uploads queued: 6
[debug] [2020-05-09T04:35:53.881Z] [hosting][upload queue][FINAL] {"max":3779,"min":2895,"avg":3310.8333333333335,"active":0,"complete":6,"success":6,"errored":0,"retried":0,"total":6,"elapsed":3779}
[info] ✔  hosting[ourapp-frontend]: file upload complete
[debug] [2020-05-09T04:35:53.884Z] [hosting] deploy completed after 6902ms
[debug] [2020-05-09T04:35:54.082Z] [
  {
    "config": {
      "public": "build",
      "ignore": [
        "firebase.json",
        "**/.*",
        "**/node_modules/**"
      ],
      "rewrites": [
        {
          "source": "**",
          "destination": "/index.html"
        }
      ],
      "site": "ourapp-frontend"
    },
    "site": "ourapp-frontend",
    "version": "sites/ourapp-frontend/versions/96fbdc9062d287ce"
  }
]
[info] i  hosting[ourapp-frontend]: finalizing version...
[debug] [2020-05-09T04:35:54.084Z] >>> HTTP REQUEST PATCH https://firebasehosting.googleapis.com/v1beta1/sites/ourapp-frontend/versions/96fbdc9062d287ce?updateMask=status  
 {"status":"FINALIZED"}
[debug] [2020-05-09T04:35:55.680Z] <<< HTTP RESPONSE 200 {"content-type":"application/json; charset=UTF-8","vary":"X-Origin, Referer, Origin,Accept-Encoding","date":"Sat, 09 May 2020 04:35:55 GMT","server":"ESF","cache-control":"private","x-xss-protection":"0","x-frame-options":"SAMEORIGIN","x-content-type-options":"nosniff","alt-svc":"h3-27=\":443\"; ma=2592000,h3-25=\":443\"; ma=2592000,h3-Q050=\":443\"; ma=2592000,h3-Q049=\":443\"; ma=2592000,h3-Q048=\":443\"; ma=2592000,h3-Q046=\":443\"; ma=2592000,h3-Q043=\":443\"; ma=2592000,quic=\":443\"; ma=2592000; v=\"46,43\"","accept-ranges":"none","transfer-encoding":"chunked"}
[debug] [2020-05-09T04:35:55.682Z] [hosting] finalized version for ourapp-frontend: {"name":"sites/ourapp-frontend/versions/96fbdc9062d287ce","status":"FINALIZED","config":{"rewrites":[{"glob":"**","path":"/index.html"}]},"labels":{"deployment-tool":"cli-firebase"},"createTime":"2020-05-09T04:35:46.516943Z","createUser":{"email":"tranhuuhongson@gmail.com"},"finalizeTime":"2020-05-09T04:35:55.547838Z","finalizeUser":{"email":"tranhuuhongson@gmail.com"}}
[info] ✔  hosting[ourapp-frontend]: version finalized
[info] i  hosting[ourapp-frontend]: releasing new version...
[debug] [2020-05-09T04:35:55.685Z] >>> HTTP REQUEST POST https://firebasehosting.googleapis.com/v1beta1/sites/ourapp-frontend/releases?version_name=sites/ourapp-frontend/versions/96fbdc9062d287ce  
 {"message":null}
[debug] [2020-05-09T04:35:57.364Z] <<< HTTP RESPONSE 200 {"content-type":"application/json; charset=UTF-8","vary":"X-Origin, Referer, Origin,Accept-Encoding","date":"Sat, 09 May 2020 04:35:57 GMT","server":"ESF","cache-control":"private","x-xss-protection":"0","x-frame-options":"SAMEORIGIN","x-content-type-options":"nosniff","alt-svc":"h3-27=\":443\"; ma=2592000,h3-25=\":443\"; ma=2592000,h3-Q050=\":443\"; ma=2592000,h3-Q049=\":443\"; ma=2592000,h3-Q048=\":443\"; ma=2592000,h3-Q046=\":443\"; ma=2592000,h3-Q043=\":443\"; ma=2592000,quic=\":443\"; ma=2592000; v=\"46,43\"","accept-ranges":"none","transfer-encoding":"chunked"}
[debug] [2020-05-09T04:35:57.365Z] [hosting] release: {"name":"sites/ourapp-frontend/releases/1588998957227018","version":{"name":"sites/ourapp-frontend/versions/96fbdc9062d287ce","status":"FINALIZED","config":{"rewrites":[{"glob":"**","path":"/index.html"}]}},"type":"DEPLOY","releaseTime":"2020-05-09T04:35:57Z"}
[info] ✔  hosting[ourapp-frontend]: release complete
[info] 
[info] ✔  Deploy complete!
[info] 
[info] Project Console: https://console.firebase.google.com/project/ourapp-frontend/overview
[info] Hosting URL: https://ourapp-frontend.web.app
